c:\users\kaha\source\repos\rat\rat\debug\vc142.pdb
c:\users\kaha\source\repos\rat\rat\debug\.netframework,version=v4.7.2.assemblyattributes.obj
c:\users\kaha\source\repos\rat\rat\debug\myform.obj
c:\users\kaha\source\repos\rat\debug\system.data.sqlite.dll
c:\users\kaha\source\repos\rat\debug\rat.exe
c:\users\kaha\source\repos\rat\debug\rat.pdb
c:\users\kaha\source\repos\rat\rat\debug\rat.tlog\metagen.write.1.tlog
c:\users\kaha\source\repos\rat\rat\debug\rat.myform.resources
c:\users\kaha\source\repos\rat\rat\debug\rat.myform1.resources
c:\users\kaha\source\repos\rat\rat\debug\rat.tlog\cl.command.1.tlog
c:\users\kaha\source\repos\rat\rat\debug\rat.tlog\cl.read.1.tlog
c:\users\kaha\source\repos\rat\rat\debug\rat.tlog\cl.write.1.tlog
c:\users\kaha\source\repos\rat\rat\debug\rat.tlog\copylocal.read.1u.tlog
c:\users\kaha\source\repos\rat\rat\debug\rat.tlog\copylocal.write.1u.tlog
c:\users\kaha\source\repos\rat\rat\debug\rat.tlog\link.command.1.tlog
c:\users\kaha\source\repos\rat\rat\debug\rat.tlog\link.read.1.tlog
c:\users\kaha\source\repos\rat\rat\debug\rat.tlog\link.write.1.tlog
c:\users\kaha\source\repos\rat\rat\debug\rat.tlog\metagen.read.1.tlog
c:\users\kaha\source\repos\rat\rat\debug\rat.tlog\rat.write.1u.tlog
c:\users\kaha\source\repos\rat\rat\debug\rat.tlog\system.data.sqlite.dll.metagen
